<?xml version="1.0" encoding="UTF-8"?>
<testsuite xmlns:xsi="http://www.w3.org/2001/XMLSchema-instance" xsi:noNamespaceSchemaLocation="https://maven.apache.org/surefire/maven-surefire-plugin/xsd/surefire-test-report-3.0.xsd" version="3.0" name="com.catalogue.places.PlacesApplicationTests" time="6.628" tests="1" errors="0" skipped="0" failures="0">
  <properties>
[...]
</properties>
  <testcase name="contextLoads" classname="com.catalogue.places.PlacesApplicationTests" time="0.855">
    <system-out><![CDATA[14:58:49.094 [main] INFO org.springframework.test.context.support.AnnotationConfigContextLoaderUtils -- Could not detect default configuration classes for test class [com.catalogue.places.PlacesApplicationTests]: PlacesApplicationTests does not declare any static, non-private, non-final, nested classes annotated with @Configuration.
14:58:49.228 [main] INFO org.springframework.boot.test.context.SpringBootTestContextBootstrapper -- Found @SpringBootConfiguration com.catalogue.places.PlacesApplication for test class com.catalogue.places.PlacesApplicationTests

  .   ____          _            __ _ _
 /\\ / ___'_ __ _ _(_)_ __  __ _ \ \ \ \
( ( )\___ | '_ | '_| | '_ \/ _` | \ \ \ \
 \\/  ___)| |_)| | | | | || (_| |  ) ) ) )
  '  |____| .__|_| |_|_| |_\__, | / / / /
 =========|_|==============|___/=/_/_/_/

 :: Spring Boot ::                (v3.3.1)

2024-07-05T14:58:49.750-04:00  INFO 12672 --- [places] [           main] c.c.places.PlacesApplicationTests        : Starting PlacesApplicationTests using Java 17.0.9 with PID 12672 (started by lenovo in C:\Users\lenovo\Desktop\semillero\places (1)\places)
2024-07-05T14:58:49.752-04:00  INFO 12672 --- [places] [           main] c.c.places.PlacesApplicationTests        : No active profile set, falling back to 1 default profile: "default"
2024-07-05T14:58:50.611-04:00  INFO 12672 --- [places] [           main] .s.d.r.c.RepositoryConfigurationDelegate : Bootstrapping Spring Data JPA repositories in DEFAULT mode.
2024-07-05T14:58:50.702-04:00  INFO 12672 --- [places] [           main] .s.d.r.c.RepositoryConfigurationDelegate : Finished Spring Data repository scanning in 77 ms. Found 2 JPA repository interfaces.
2024-07-05T14:58:51.340-04:00  INFO 12672 --- [places] [           main] com.zaxxer.hikari.HikariDataSource       : HikariPool-1 - Starting...
2024-07-05T14:58:51.570-04:00  INFO 12672 --- [places] [           main] com.zaxxer.hikari.pool.HikariPool        : HikariPool-1 - Added connection org.mariadb.jdbc.Connection@5a05dd30
2024-07-05T14:58:51.571-04:00  INFO 12672 --- [places] [           main] com.zaxxer.hikari.HikariDataSource       : HikariPool-1 - Start completed.
2024-07-05T14:58:51.659-04:00  INFO 12672 --- [places] [           main] org.flywaydb.core.FlywayExecutor         : Database: jdbc:mariadb://localhost:3311/sss (MariaDB 11.4)
2024-07-05T14:58:51.707-04:00  WARN 12672 --- [places] [           main] o.f.c.internal.database.base.Database    : Flyway upgrade recommended: MariaDB 11.4 is newer than this version of Flyway and support has not been tested. The latest supported version of MariaDB is 11.2.
2024-07-05T14:58:51.799-04:00  INFO 12672 --- [places] [           main] o.f.core.internal.command.DbValidate     : Successfully validated 3 migrations (execution time 00:00.074s)
2024-07-05T14:58:51.826-04:00  INFO 12672 --- [places] [           main] o.f.core.internal.command.DbMigrate      : Current version of schema `sss`: 3
2024-07-05T14:58:51.831-04:00  INFO 12672 --- [places] [           main] o.f.core.internal.command.DbMigrate      : Schema `sss` is up to date. No migration necessary.
2024-07-05T14:58:51.941-04:00  INFO 12672 --- [places] [           main] o.hibernate.jpa.internal.util.LogHelper  : HHH000204: Processing PersistenceUnitInfo [name: default]
2024-07-05T14:58:52.032-04:00  INFO 12672 --- [places] [           main] org.hibernate.Version                    : HHH000412: Hibernate ORM core version 6.5.2.Final
2024-07-05T14:58:52.085-04:00  INFO 12672 --- [places] [           main] o.h.c.internal.RegionFactoryInitiator    : HHH000026: Second-level cache disabled
2024-07-05T14:58:52.565-04:00  INFO 12672 --- [places] [           main] o.s.o.j.p.SpringPersistenceUnitInfo      : No LoadTimeWeaver setup: ignoring JPA class transformer
2024-07-05T14:58:52.641-04:00  WARN 12672 --- [places] [           main] org.hibernate.orm.deprecation            : HHH90000025: MySQLDialect does not need to be specified explicitly using 'hibernate.dialect' (remove the property setting and it will be selected by default)
2024-07-05T14:58:53.731-04:00  INFO 12672 --- [places] [           main] o.h.e.t.j.p.i.JtaPlatformInitiator       : HHH000489: No JTA platform available (set 'hibernate.transaction.jta.platform' to enable JTA platform integration)
2024-07-05T14:58:53.734-04:00  INFO 12672 --- [places] [           main] j.LocalContainerEntityManagerFactoryBean : Initialized JPA EntityManagerFactory for persistence unit 'default'
2024-07-05T14:58:54.197-04:00  WARN 12672 --- [places] [           main] JpaBaseConfiguration$JpaWebConfiguration : spring.jpa.open-in-view is enabled by default. Therefore, database queries may be performed during view rendering. Explicitly configure spring.jpa.open-in-view to disable this warning
2024-07-05T14:58:54.645-04:00  INFO 12672 --- [places] [           main] c.c.places.PlacesApplicationTests        : Started PlacesApplicationTests in 5.204 seconds (process running for 6.521)
]]></system-out>
  </testcase>
</testsuite>